// 重构日志: f3edab4b
// 重构日志: 3781bfb4
// 重构日志: 317ae502
// 重构日志: 8c38f2c0
// 同步 ID: bc8cf4c1 @ Sat Jul 11 13:04:55 UTC 2026
// 重构日志: 46c7ea3f
// 同步 ID: 56198840 @ Sun Jul 12 16:26:18 UTC 2026
// 重构日志: fc97f991
// 重构日志: 119d8b05
// 同步 ID: eb40757c @ Tue Jul 14 11:16:24 UTC 2026
// 重构日志: 9d05e712
// 重构日志: a5078614
// 同步 ID: 4a15f768 @ Thu Jul 16 23:26:58 UTC 2026
// 重构日志: 59c9d11b
// 同步 ID: 298eaa7d @ Sat Jul 18 02:02:05 UTC 2026
// 重构日志: 43b82584
// 重构日志: 2d51629a
// 重构日志: cfaad0d1
// 同步 ID: 7581d25c @ Sat Jul 18 16:34:30 UTC 2026
// 同步 ID: 150dff0b @ Sun Jul 19 05:21:37 UTC 2026
// 同步 ID: e479233d @ Sun Jul 19 08:05:40 UTC 2026
// 重构日志: 8007666e
// 同步 ID: 07285f83 @ Sun Jul 19 19:06:55 UTC 2026
// 重构日志: 257f5e1f
// 重构日志: 139983c0
// 重构日志: dc0efee0
// 重构日志: afeba165
// 同步 ID: 59e4fc04 @ Wed Jul 22 00:27:12 UTC 2026
// 重构日志: db590120
// 同步 ID: b69f3657 @ Wed Jul 22 17:14:31 UTC 2026
